
space
slope 0.24634945999559182
y int 0.015001653074718442
R^2 0.9982147874944908 

a
slope 0.4460523385090476
y int 0.08759577838933856
R^2 0.9999802217616329 

A
slope 0.7213179588118569
y int 0.09323640555529421
R^2 0.9999383426969368 

b
slope 0.49991762177650445
y int 0.03725047755491622
R^2 0.999941861097348 

B
slope 0.6666666666666669
y int -4.0602442043434294e-15
R^2 1.0000000000000009 

c
slope 0.44022966050186646
y int 0.15382695146306397
R^2 0.9999174549690014 

C
slope 0.6688453120025472
y int 0.0415407115568241
R^2 0.9999677358426657 

d
slope 0.49929137005921265
y int 0.10996869809109862
R^2 0.9999673588253387 

D
slope 0.7198368084864889
y int 0.19505954234490325
R^2 0.9994321886628353 

e
slope 0.43507119909698716
y int 0.33998509449798625
R^2 0.999025711698058 

E
slope 0.6084981980173593
y int 0.3160537006570467
R^2 0.9956273877475004 

f
slope 0.32468506587884904
y int 0.1087064045750442
R^2 0.9974619458913339 

F
slope 0.5502548365412566
y int 0.20741342370541208
R^2 0.9990843077039786 

g
slope 0.4976668687091324
y int 0.1904199728161018
R^2 0.9999574958954698 

G
slope 0.7221861432000363
y int 0.19908683770233893
R^2 0.9973335187268522 

h
slope 0.4969712362297786
y int 0.2229584216594073
R^2 0.999621770924156 

H
slope 0.7250904604475077
y int 0.20003010304544538
R^2 0.9976683916393011 

i
slope 0.27367398152229827
y int 0.29225232195772677
R^2 0.9984641586694549 

I
slope 0.329512116147145
y int 0.15717083080084088
R^2 0.9993261025686718 

j
slope 0.26597113663211774
y int 0.39546559057816516
R^2 0.9974687158452077 

J
slope 0.3929871402914683
y int 0.03507532591856943
R^2 0.999211895414354 

k
slope 0.5019875642622741
y int 0.12609243799025194
R^2 0.9999425232188776 

K
slope 0.7206226706674412
y int 0.13795920829409983
R^2 0.9998634517007524 

l
slope 0.2737198752179051
y int 0.26290998131525256
R^2 0.9937954752362961 

L
slope 0.6105629089153443
y int 0.07379766047388207
R^2 0.9996350146756865 

m
slope 0.790211615143308
y int -0.16178882428426228
R^2 0.9997236750979386 

M
slope 0.8626828221921352
y int 0.6045671436967796
R^2 0.9983744404760752 

n
slope 0.5006650608226539
y int 0.15012190770070383
R^2 0.999937681131918 

N
slope 0.7162451930327244
y int 0.17295264037603073
R^2 0.9999762536338295 

o
slope 0.4972979575343477
y int 0.1525271838953667
R^2 0.999954010652401 

O
slope 0.7164534839148636
y int 0.19234742200204177
R^2 0.99888972551739 

p
slope 0.48799787396223715
y int 0.5004292254426385
R^2 0.9984181017485639 

P
slope 0.5566651353764376
y int 0.006193376866970571
R^2 0.9995753985800604 

q
slope 0.502050822863861
y int 0.10645810373959819
R^2 0.9999888579887003 

Q
slope 0.7344890551679747
y int -0.011969693430503168
R^2 0.9980414772385056 

r
slope 0.32255551575931257
y int 0.5180485912129831
R^2 0.9967845091059994 

R
slope 0.668835561922955
y int -0.03710999681631425
R^2 0.9999808621526687 

s
slope 0.38036836502163995
y int 0.1509003256354455
R^2 0.9959197310747723 

S
slope 0.5538807291323162
y int 0.12279057059058321
R^2 0.9997223989397291 

t
slope 0.2694234051070285
y int 0.34701256039665146
R^2 0.998503369055092 

T
slope 0.6169355432652354
y int -0.041104964658872846
R^2 0.9995593477990995 

u
slope 0.5003829623098967
y int 0.1529158401293001
R^2 0.999981710609922 

U
slope 0.7211661751785089
y int 0.18776677370673514
R^2 0.9995353997012422 

v
slope 0.4988720979354937
y int 0.1671684207626092
R^2 0.9999331554002243 

V
slope 0.7175572911439074
y int 0.2712182285385702
R^2 0.9995523051885397 

w
slope 0.7227687203671744
y int 0.20424848206159904
R^2 0.9996388478486254 

W
slope 0.9605606366342545
y int -0.1994327210748403
R^2 0.9992928085499514 

x
slope 0.49855479396041724
y int 0.14579010302416254
R^2 0.9999862437514192 

X
slope 0.7227197963641435
y int 0.17385536002857652
R^2 0.9995136765347598 

y
slope 0.49554413709499623
y int 0.21778809418853484
R^2 0.9999018554509186 

Y
slope 0.7218954183939276
y int 0.14038824807896333
R^2 0.9999775361309499 

z
slope 0.45134176651905894
y int -0.19574641472027363
R^2 0.9990947551753131 

Z
slope 0.62522453221325
y int -0.11632554954994134
R^2 0.9914922955067795 

plus
slope 0.5747017880634365
y int -0.15921403999525247
R^2 0.999610815070848 

minus
slope 0.33476490369309136
y int 0.19844147962432349
R^2 0.9971782026428443 

0
slope 0.4966562431121884
y int 0.14439382668430564
R^2 0.9999843866414625 

1
slope 0.45721267003054267
y int 0.14786285974054383
R^2 0.9999795627777085 

2
slope 0.4942257640878697
y int 0.16200871537727884
R^2 0.9999683139089187 

3
slope 0.4913276812195245
y int 0.22237963851799236
R^2 0.9997861943383878 

4
slope 0.49426217765042996
y int 0.18588108882521023
R^2 0.9999306864753849 

5
slope 0.4928319792137931
y int 0.18947794136130167
R^2 0.9998137016302125 

6
slope 0.4966860902946149
y int 0.1496170836088392
R^2 0.9999672893608905 

7
slope 0.4936688156638015
y int 0.2120427411652303
R^2 0.9999366708746216 

8
slope 0.494885386819484
y int 0.16494269340974807
R^2 0.9999266449914501 

9
slope 0.49713616284622697
y int 0.1028349083462002
R^2 0.9999411280310104 

open-paren
slope 0.32402408364824253
y int 0.41647309254876524
R^2 0.9994292898836965 
wrong items 

close-paren
slope 0.32260426615727494
y int 0.3446354664119653
R^2 0.9998960446969448 
